0 silly input [ 'build' ]
1 silly flags { _: [ 'run' ],
1 silly flags   'reject-cycles': false,
1 silly flags   rejectCycles: false,
1 silly flags   stream: true,
1 silly flags   scope: 'nothing',
1 silly flags   loglevel: 'silent',
1 silly flags   script: 'build',
1 silly flags   args: [] }
2 verbose rootPath C:\Users\dc101414\Downloads\lerna
3 info version 2.11.0
4 silly existsSync C:\Users\dc101414\Downloads\lerna\VERSION
5 info versioning independent
6 info scope nothing
7 error EPACKAGES Errored while collecting packages and package graph
8 error Error: No packages found that match scope 'nothing'
8 error     at Function.filterPackages (C:\Users\dc101414\Downloads\lerna\node_modules\lerna\lib\PackageUtilities.js:252:17)
8 error     at RunCommand.runPreparations (C:\Users\dc101414\Downloads\lerna\node_modules\lerna\lib\Command.js:333:60)
8 error     at C:\Users\dc101414\Downloads\lerna\node_modules\lerna\lib\Command.js:209:18
8 error     at new Promise (<anonymous>)
8 error     at RunCommand.run (C:\Users\dc101414\Downloads\lerna\node_modules\lerna\lib\Command.js:193:14)
8 error     at Object.handler (C:\Users\dc101414\Downloads\lerna\node_modules\lerna\lib\commands\RunCommand.js:49:14)
8 error     at Object.self.runCommand (C:\Users\dc101414\Downloads\lerna\node_modules\yargs\lib\command.js:233:22)
8 error     at Object.Yargs.self._parseArgs (C:\Users\dc101414\Downloads\lerna\node_modules\yargs\yargs.js:990:30)
8 error     at Object.Yargs.self.parse (C:\Users\dc101414\Downloads\lerna\node_modules\yargs\yargs.js:532:23)
